

Started GET "/" for 127.0.0.1 at 2015-03-09 18:06:17 -0400

ActiveRecord::PendingMigrationError (

Migrations are pending. To resolve this issue, run:

	bin/rake db:migrate RAILS_ENV=development

):
  activerecord (4.2.0) lib/active_record/migration.rb:393:in `check_pending!'
  activerecord (4.2.0) lib/active_record/migration.rb:374:in `call'
  actionpack (4.2.0) lib/action_dispatch/middleware/callbacks.rb:29:in `block in call'
  activesupport (4.2.0) lib/active_support/callbacks.rb:88:in `call'
  activesupport (4.2.0) lib/active_support/callbacks.rb:88:in `_run_callbacks'
  activesupport (4.2.0) lib/active_support/callbacks.rb:734:in `_run_call_callbacks'
  activesupport (4.2.0) lib/active_support/callbacks.rb:81:in `run_callbacks'
  actionpack (4.2.0) lib/action_dispatch/middleware/callbacks.rb:27:in `call'
  actionpack (4.2.0) lib/action_dispatch/middleware/reloader.rb:73:in `call'
  actionpack (4.2.0) lib/action_dispatch/middleware/remote_ip.rb:78:in `call'
  actionpack (4.2.0) lib/action_dispatch/middleware/debug_exceptions.rb:17:in `call'
  web-console (2.1.1) lib/web_console/middleware.rb:37:in `call'
  actionpack (4.2.0) lib/action_dispatch/middleware/show_exceptions.rb:30:in `call'
  railties (4.2.0) lib/rails/rack/logger.rb:38:in `call_app'
  railties (4.2.0) lib/rails/rack/logger.rb:20:in `block in call'
  activesupport (4.2.0) lib/active_support/tagged_logging.rb:68:in `block in tagged'
  activesupport (4.2.0) lib/active_support/tagged_logging.rb:26:in `tagged'
  activesupport (4.2.0) lib/active_support/tagged_logging.rb:68:in `tagged'
  railties (4.2.0) lib/rails/rack/logger.rb:20:in `call'
  actionpack (4.2.0) lib/action_dispatch/middleware/request_id.rb:21:in `call'
  rack (1.6.0) lib/rack/methodoverride.rb:22:in `call'
  rack (1.6.0) lib/rack/runtime.rb:18:in `call'
  activesupport (4.2.0) lib/active_support/cache/strategy/local_cache_middleware.rb:28:in `call'
  rack (1.6.0) lib/rack/lock.rb:17:in `call'
  actionpack (4.2.0) lib/action_dispatch/middleware/static.rb:113:in `call'
  rack (1.6.0) lib/rack/sendfile.rb:113:in `call'
  railties (4.2.0) lib/rails/engine.rb:518:in `call'
  railties (4.2.0) lib/rails/application.rb:164:in `call'
  rack (1.6.0) lib/rack/lock.rb:17:in `call'
  rack (1.6.0) lib/rack/content_length.rb:15:in `call'
  rack (1.6.0) lib/rack/handler/webrick.rb:89:in `service'
  /System/Library/Frameworks/Ruby.framework/Versions/2.0/usr/lib/ruby/2.0.0/webrick/httpserver.rb:138:in `service'
  /System/Library/Frameworks/Ruby.framework/Versions/2.0/usr/lib/ruby/2.0.0/webrick/httpserver.rb:94:in `run'
  /System/Library/Frameworks/Ruby.framework/Versions/2.0/usr/lib/ruby/2.0.0/webrick/server.rb:295:in `block in start_thread'


  Rendered /Library/Ruby/Gems/2.0.0/gems/actionpack-4.2.0/lib/action_dispatch/middleware/templates/rescues/_source.erb (2.3ms)
  Rendered /Library/Ruby/Gems/2.0.0/gems/actionpack-4.2.0/lib/action_dispatch/middleware/templates/rescues/_trace.html.erb (1.3ms)
  Rendered /Library/Ruby/Gems/2.0.0/gems/actionpack-4.2.0/lib/action_dispatch/middleware/templates/rescues/_request_and_response.html.erb (0.8ms)
  Rendered /Library/Ruby/Gems/2.0.0/gems/actionpack-4.2.0/lib/action_dispatch/middleware/templates/rescues/diagnostics.html.erb within rescues/layout (19.7ms)
  Rendered /Library/Ruby/Gems/2.0.0/gems/web-console-2.1.1/lib/web_console/templates/_markup.html (0.6ms)
  Rendered /Library/Ruby/Gems/2.0.0/gems/web-console-2.1.1/lib/web_console/templates/style.css within layouts/inlined_string (0.8ms)
  Rendered /Library/Ruby/Gems/2.0.0/gems/web-console-2.1.1/lib/web_console/templates/_inner_console_markup.html within layouts/inlined_string (0.5ms)
  Rendered /Library/Ruby/Gems/2.0.0/gems/web-console-2.1.1/lib/web_console/templates/_prompt_box_markup.html within layouts/inlined_string (0.4ms)
  Rendered /Library/Ruby/Gems/2.0.0/gems/web-console-2.1.1/lib/web_console/templates/console.js within layouts/javascript (21.9ms)
  Rendered /Library/Ruby/Gems/2.0.0/gems/web-console-2.1.1/lib/web_console/templates/main.js within layouts/javascript (0.4ms)
  Rendered /Library/Ruby/Gems/2.0.0/gems/web-console-2.1.1/lib/web_console/templates/error_page.js within layouts/javascript (0.4ms)
  Rendered /Library/Ruby/Gems/2.0.0/gems/web-console-2.1.1/lib/web_console/templates/index.html (44.7ms)
  [1m[36m (9.4ms)[0m  [1mCREATE TABLE "schema_migrations" ("version" varchar NOT NULL) [0m
  [1m[35m (0.1ms)[0m  select sqlite_version(*)
  [1m[36m (1.4ms)[0m  [1mCREATE UNIQUE INDEX "unique_schema_migrations" ON "schema_migrations" ("version")[0m
  [1m[35mActiveRecord::SchemaMigration Load (0.2ms)[0m  SELECT "schema_migrations".* FROM "schema_migrations"
Migrating to CreateFruits (20150309215701)
  [1m[36m (0.1ms)[0m  [1mbegin transaction[0m
  [1m[35m (0.5ms)[0m  CREATE TABLE "fruits" ("id" INTEGER PRIMARY KEY AUTOINCREMENT NOT NULL, "species" varchar, "organic" boolean, "created_at" datetime NOT NULL, "updated_at" datetime NOT NULL) 
  [1m[36mSQL (0.2ms)[0m  [1mINSERT INTO "schema_migrations" ("version") VALUES (?)[0m  [["version", "20150309215701"]]
  [1m[35m (0.7ms)[0m  commit transaction
  [1m[36mActiveRecord::SchemaMigration Load (0.2ms)[0m  [1mSELECT "schema_migrations".* FROM "schema_migrations"[0m


Started GET "/" for 127.0.0.1 at 2015-03-09 18:06:32 -0400
  [1m[36mActiveRecord::SchemaMigration Load (0.1ms)[0m  [1mSELECT "schema_migrations".* FROM "schema_migrations"[0m
Processing by Rails::WelcomeController#index as HTML
  Rendered /Library/Ruby/Gems/2.0.0/gems/railties-4.2.0/lib/rails/templates/rails/welcome/index.html.erb (1.2ms)
Completed 200 OK in 37ms (Views: 9.1ms | ActiveRecord: 0.0ms)


Started GET "/" for 127.0.0.1 at 2015-03-09 18:06:35 -0400
Processing by Rails::WelcomeController#index as HTML
  Rendered /Library/Ruby/Gems/2.0.0/gems/railties-4.2.0/lib/rails/templates/rails/welcome/index.html.erb (0.0ms)
Completed 200 OK in 2ms (Views: 1.1ms | ActiveRecord: 0.0ms)


Started GET "/fruits/search" for 127.0.0.1 at 2015-03-09 18:06:37 -0400
Processing by FruitsController#search as HTML
  [1m[35mFruit Load (0.2ms)[0m  SELECT "fruits".* FROM "fruits"
  Rendered fruits/search.html.erb within layouts/application (7.3ms)
Completed 500 Internal Server Error in 17ms

ActionView::Template::Error (undefined method `to_key' for #<ActiveRecord::Relation []>):
    1: <%= form_for @fruits, url: {action: "search"} do |f| %>
    2:   <%= f.text_field :species %>
    3:   <%= f.text_field :organic %>
    4:   <%= f.submit "Search" %>
  app/views/fruits/search.html.erb:1:in `_app_views_fruits_search_html_erb__3505010621476317200_70116482450160'


  Rendered /Library/Ruby/Gems/2.0.0/gems/actionpack-4.2.0/lib/action_dispatch/middleware/templates/rescues/_source.erb (9.3ms)
  Rendered /Library/Ruby/Gems/2.0.0/gems/actionpack-4.2.0/lib/action_dispatch/middleware/templates/rescues/_trace.html.erb (56.2ms)
  Rendered /Library/Ruby/Gems/2.0.0/gems/actionpack-4.2.0/lib/action_dispatch/middleware/templates/rescues/_request_and_response.html.erb (1.4ms)
  Rendered /Library/Ruby/Gems/2.0.0/gems/actionpack-4.2.0/lib/action_dispatch/middleware/templates/rescues/template_error.html.erb within rescues/layout (84.2ms)
  Rendered /Library/Ruby/Gems/2.0.0/gems/web-console-2.1.1/lib/web_console/templates/_markup.html (0.5ms)
  Rendered /Library/Ruby/Gems/2.0.0/gems/web-console-2.1.1/lib/web_console/templates/style.css within layouts/inlined_string (0.4ms)
  Rendered /Library/Ruby/Gems/2.0.0/gems/web-console-2.1.1/lib/web_console/templates/_inner_console_markup.html within layouts/inlined_string (0.4ms)
  Rendered /Library/Ruby/Gems/2.0.0/gems/web-console-2.1.1/lib/web_console/templates/_prompt_box_markup.html within layouts/inlined_string (0.4ms)
  Rendered /Library/Ruby/Gems/2.0.0/gems/web-console-2.1.1/lib/web_console/templates/console.js within layouts/javascript (17.2ms)
  Rendered /Library/Ruby/Gems/2.0.0/gems/web-console-2.1.1/lib/web_console/templates/main.js within layouts/javascript (0.3ms)
  Rendered /Library/Ruby/Gems/2.0.0/gems/web-console-2.1.1/lib/web_console/templates/error_page.js within layouts/javascript (0.7ms)
  Rendered /Library/Ruby/Gems/2.0.0/gems/web-console-2.1.1/lib/web_console/templates/index.html (42.4ms)


Started GET "/" for 127.0.0.1 at 2015-03-09 18:11:43 -0400
  [1m[36mActiveRecord::SchemaMigration Load (0.3ms)[0m  [1mSELECT "schema_migrations".* FROM "schema_migrations"[0m
Processing by Rails::WelcomeController#index as HTML
  Rendered /Library/Ruby/Gems/2.0.0/gems/railties-4.2.0/lib/rails/templates/rails/welcome/index.html.erb (1.7ms)
Completed 200 OK in 37ms (Views: 11.2ms | ActiveRecord: 0.0ms)


Started GET "/" for 127.0.0.1 at 2015-03-09 18:11:47 -0400
Processing by Rails::WelcomeController#index as HTML
  Rendered /Library/Ruby/Gems/2.0.0/gems/railties-4.2.0/lib/rails/templates/rails/welcome/index.html.erb (0.1ms)
Completed 200 OK in 2ms (Views: 1.1ms | ActiveRecord: 0.0ms)


Started GET "/fruits/search" for 127.0.0.1 at 2015-03-09 18:11:47 -0400
Processing by FruitsController#search as HTML
  Rendered fruits/search.html.erb within layouts/application (0.7ms)
Completed 200 OK in 1836ms (Views: 1833.8ms | ActiveRecord: 0.0ms)


Started GET "/assets/scaffolds-c9a3b9246c8109aa568bd65e0d99146b.css?body=1" for 127.0.0.1 at 2015-03-09 18:11:49 -0400


Started GET "/assets/fruits-64e62ddc273c2f5847f30d698ca14b67.css?body=1" for 127.0.0.1 at 2015-03-09 18:11:49 -0400


Started GET "/assets/application-535c114a85df9fac190f15a7ad2ede69.css?body=1" for 127.0.0.1 at 2015-03-09 18:11:49 -0400


Started GET "/assets/fruits-fcec5b5a277ac7c20cc9f45a209a3bcd.js?body=1" for 127.0.0.1 at 2015-03-09 18:11:49 -0400


Started GET "/fruits/search?utf8=%E2%9C%93&species=apple&commit=Search" for 127.0.0.1 at 2015-03-09 18:11:53 -0400
Processing by FruitsController#search as HTML
  Parameters: {"utf8"=>"✓", "species"=>"apple", "commit"=>"Search"}
  Rendered fruits/search.html.erb within layouts/application (0.3ms)
Completed 200 OK in 109ms (Views: 108.0ms | ActiveRecord: 0.0ms)


Started GET "/fruits/search?utf8=%E2%9C%93&species=apple&commit=Search" for 127.0.0.1 at 2015-03-09 18:12:29 -0400
Processing by FruitsController#search as HTML
  Parameters: {"utf8"=>"✓", "species"=>"apple", "commit"=>"Search"}
  Rendered fruits/search.html.erb within layouts/application (0.4ms)
Completed 200 OK in 47ms (Views: 44.2ms | ActiveRecord: 0.0ms)


Started GET "/fruits/search?utf8=%E2%9C%93&species=apple&commit=Search" for 127.0.0.1 at 2015-03-09 18:13:55 -0400
Processing by FruitsController#search as HTML
  Parameters: {"utf8"=>"✓", "species"=>"apple", "commit"=>"Search"}
  Rendered fruits/search.html.erb within layouts/application (0.3ms)
Completed 200 OK in 101ms (Views: 38.0ms | ActiveRecord: 0.4ms)


Started GET "/fruits/search?utf8=%E2%9C%93&species=apple&commit=Search" for 127.0.0.1 at 2015-03-09 18:13:58 -0400
Processing by FruitsController#search as HTML
  Parameters: {"utf8"=>"✓", "species"=>"apple", "commit"=>"Search"}
  Rendered fruits/search.html.erb within layouts/application (0.2ms)
Completed 200 OK in 46ms (Views: 45.1ms | ActiveRecord: 0.0ms)


Started GET "/fruits/search?utf8=%E2%9C%93&species=apple&commit=Search" for 127.0.0.1 at 2015-03-09 18:14:32 -0400
Processing by FruitsController#search as HTML
  Parameters: {"utf8"=>"✓", "species"=>"apple", "commit"=>"Search"}
  [1m[35mFruit Load (0.6ms)[0m  SELECT "fruits".* FROM "fruits" WHERE "fruits"."creator_id" = 'apple'
SQLite3::SQLException: no such column: fruits.creator_id: SELECT "fruits".* FROM "fruits" WHERE "fruits"."creator_id" = 'apple'
Completed 500 Internal Server Error in 5ms

ActiveRecord::StatementInvalid (SQLite3::SQLException: no such column: fruits.creator_id: SELECT "fruits".* FROM "fruits" WHERE "fruits"."creator_id" = 'apple'):
  app/controllers/fruits_controller.rb:9:in `puts'
  app/controllers/fruits_controller.rb:9:in `puts'
  app/controllers/fruits_controller.rb:9:in `search'


  Rendered /Library/Ruby/Gems/2.0.0/gems/actionpack-4.2.0/lib/action_dispatch/middleware/templates/rescues/_source.erb (10.9ms)
  Rendered /Library/Ruby/Gems/2.0.0/gems/actionpack-4.2.0/lib/action_dispatch/middleware/templates/rescues/_trace.html.erb (2.8ms)
  Rendered /Library/Ruby/Gems/2.0.0/gems/actionpack-4.2.0/lib/action_dispatch/middleware/templates/rescues/_request_and_response.html.erb (54.4ms)
  Rendered /Library/Ruby/Gems/2.0.0/gems/actionpack-4.2.0/lib/action_dispatch/middleware/templates/rescues/diagnostics.html.erb within rescues/layout (85.9ms)
  Rendered /Library/Ruby/Gems/2.0.0/gems/web-console-2.1.1/lib/web_console/templates/_markup.html (0.4ms)
  Rendered /Library/Ruby/Gems/2.0.0/gems/web-console-2.1.1/lib/web_console/templates/style.css within layouts/inlined_string (0.3ms)
  Rendered /Library/Ruby/Gems/2.0.0/gems/web-console-2.1.1/lib/web_console/templates/_inner_console_markup.html within layouts/inlined_string (0.4ms)
  Rendered /Library/Ruby/Gems/2.0.0/gems/web-console-2.1.1/lib/web_console/templates/_prompt_box_markup.html within layouts/inlined_string (0.3ms)
  Rendered /Library/Ruby/Gems/2.0.0/gems/web-console-2.1.1/lib/web_console/templates/console.js within layouts/javascript (17.6ms)
  Rendered /Library/Ruby/Gems/2.0.0/gems/web-console-2.1.1/lib/web_console/templates/main.js within layouts/javascript (0.6ms)
  Rendered /Library/Ruby/Gems/2.0.0/gems/web-console-2.1.1/lib/web_console/templates/error_page.js within layouts/javascript (0.7ms)
  Rendered /Library/Ruby/Gems/2.0.0/gems/web-console-2.1.1/lib/web_console/templates/index.html (41.2ms)


Started GET "/fruits/search?utf8=%E2%9C%93&species=apple&commit=Search" for 127.0.0.1 at 2015-03-09 18:14:49 -0400
Processing by FruitsController#search as HTML
  Parameters: {"utf8"=>"✓", "species"=>"apple", "commit"=>"Search"}
  [1m[36mFruit Load (0.2ms)[0m  [1mSELECT "fruits".* FROM "fruits" WHERE "fruits"."species" = ?[0m  [["species", "apple"]]
  Rendered fruits/search.html.erb within layouts/application (0.3ms)
Completed 200 OK in 49ms (Views: 41.4ms | ActiveRecord: 0.6ms)


Started GET "/fruits/search?utf8=%E2%9C%93&species=apple&commit=Search" for 127.0.0.1 at 2015-03-09 18:14:52 -0400
Processing by FruitsController#search as HTML
  Parameters: {"utf8"=>"✓", "species"=>"apple", "commit"=>"Search"}
  [1m[35mFruit Load (0.1ms)[0m  SELECT "fruits".* FROM "fruits" WHERE "fruits"."species" = ?  [["species", "apple"]]
  Rendered fruits/search.html.erb within layouts/application (0.4ms)
Completed 200 OK in 93ms (Views: 91.3ms | ActiveRecord: 0.1ms)


Started GET "/fruits/" for 127.0.0.1 at 2015-03-09 18:15:06 -0400
Processing by FruitsController#index as HTML
  [1m[36mFruit Load (0.2ms)[0m  [1mSELECT "fruits".* FROM "fruits"[0m
  Rendered fruits/index.html.erb within layouts/application (1.8ms)
Completed 200 OK in 44ms (Views: 42.6ms | ActiveRecord: 0.2ms)


Started GET "/fruits/new" for 127.0.0.1 at 2015-03-09 18:15:08 -0400
Processing by FruitsController#new as HTML
  Rendered fruits/_form.html.erb (78.7ms)
  Rendered fruits/new.html.erb within layouts/application (80.4ms)
Completed 200 OK in 133ms (Views: 125.9ms | ActiveRecord: 0.4ms)


Started POST "/fruits" for 127.0.0.1 at 2015-03-09 18:15:12 -0400
Processing by FruitsController#create as HTML
  Parameters: {"utf8"=>"✓", "authenticity_token"=>"1pJA7/U1xJ7NyR4BeMf/MoPWas3bC1Rt2Y+S7/TE/8PSq2rYTOVd+FCKWbSLPLfO+fFd2G0R1hAo/rlab0gFAw==", "fruit"=>{"species"=>"apple", "organic"=>"1"}, "commit"=>"Create Fruit"}
  [1m[35m (0.1ms)[0m  begin transaction
  [1m[36mSQL (0.6ms)[0m  [1mINSERT INTO "fruits" ("species", "organic", "created_at", "updated_at") VALUES (?, ?, ?, ?)[0m  [["species", "apple"], ["organic", "t"], ["created_at", "2015-03-09 22:15:12.427346"], ["updated_at", "2015-03-09 22:15:12.427346"]]
  [1m[35m (1.0ms)[0m  commit transaction
Redirected to http://0.0.0.0:3000/fruits/1
Completed 302 Found in 7ms (ActiveRecord: 1.6ms)


Started GET "/fruits/1" for 127.0.0.1 at 2015-03-09 18:15:12 -0400
Processing by FruitsController#show as HTML
  Parameters: {"id"=>"1"}
  [1m[36mFruit Load (0.3ms)[0m  [1mSELECT  "fruits".* FROM "fruits" WHERE "fruits"."id" = ? LIMIT 1[0m  [["id", 1]]
  Rendered fruits/show.html.erb within layouts/application (1.1ms)
Completed 200 OK in 115ms (Views: 110.2ms | ActiveRecord: 0.3ms)


Started GET "/fruits/search" for 127.0.0.1 at 2015-03-09 18:15:18 -0400
Processing by FruitsController#search as HTML
  [1m[35mFruit Load (0.2ms)[0m  SELECT "fruits".* FROM "fruits" WHERE "fruits"."species" IS NULL
  Rendered fruits/search.html.erb within layouts/application (0.3ms)
Completed 200 OK in 45ms (Views: 43.4ms | ActiveRecord: 0.2ms)


Started GET "/fruits/search?utf8=%E2%9C%93&species=apple&commit=Search" for 127.0.0.1 at 2015-03-09 18:15:21 -0400
Processing by FruitsController#search as HTML
  Parameters: {"utf8"=>"✓", "species"=>"apple", "commit"=>"Search"}
  [1m[36mFruit Load (0.1ms)[0m  [1mSELECT "fruits".* FROM "fruits" WHERE "fruits"."species" = ?[0m  [["species", "apple"]]
  Rendered fruits/search.html.erb within layouts/application (0.2ms)
Completed 200 OK in 40ms (Views: 38.7ms | ActiveRecord: 0.1ms)


Started GET "/fruits/search?utf8=%E2%9C%93&species=apple&commit=Search" for 127.0.0.1 at 2015-03-09 18:18:36 -0400
Processing by FruitsController#search as HTML
  Parameters: {"utf8"=>"✓", "species"=>"apple", "commit"=>"Search"}
  [1m[35mFruit Load (0.2ms)[0m  SELECT "fruits".* FROM "fruits" WHERE "fruits"."species" = ?  [["species", "apple"]]
Redirected to 
Completed 500 Internal Server Error in 11ms

NoMethodError (undefined method `to_model' for #<Fruit::ActiveRecord_Relation:0x007f9504fed058>):
  app/controllers/fruits_controller.rb:11:in `block (2 levels) in search'
  app/controllers/fruits_controller.rb:10:in `search'


  Rendered /Library/Ruby/Gems/2.0.0/gems/actionpack-4.2.0/lib/action_dispatch/middleware/templates/rescues/_source.erb (6.8ms)
  Rendered /Library/Ruby/Gems/2.0.0/gems/actionpack-4.2.0/lib/action_dispatch/middleware/templates/rescues/_trace.html.erb (2.2ms)
  Rendered /Library/Ruby/Gems/2.0.0/gems/actionpack-4.2.0/lib/action_dispatch/middleware/templates/rescues/_request_and_response.html.erb (0.8ms)
  Rendered /Library/Ruby/Gems/2.0.0/gems/actionpack-4.2.0/lib/action_dispatch/middleware/templates/rescues/diagnostics.html.erb within rescues/layout (21.5ms)
  Rendered /Library/Ruby/Gems/2.0.0/gems/web-console-2.1.1/lib/web_console/templates/_markup.html (0.3ms)
  Rendered /Library/Ruby/Gems/2.0.0/gems/web-console-2.1.1/lib/web_console/templates/style.css within layouts/inlined_string (0.4ms)
  Rendered /Library/Ruby/Gems/2.0.0/gems/web-console-2.1.1/lib/web_console/templates/_inner_console_markup.html within layouts/inlined_string (0.3ms)
  Rendered /Library/Ruby/Gems/2.0.0/gems/web-console-2.1.1/lib/web_console/templates/_prompt_box_markup.html within layouts/inlined_string (0.3ms)
  Rendered /Library/Ruby/Gems/2.0.0/gems/web-console-2.1.1/lib/web_console/templates/console.js within layouts/javascript (71.4ms)
  Rendered /Library/Ruby/Gems/2.0.0/gems/web-console-2.1.1/lib/web_console/templates/main.js within layouts/javascript (0.6ms)
  Rendered /Library/Ruby/Gems/2.0.0/gems/web-console-2.1.1/lib/web_console/templates/error_page.js within layouts/javascript (0.5ms)
  Rendered /Library/Ruby/Gems/2.0.0/gems/web-console-2.1.1/lib/web_console/templates/index.html (87.8ms)


Started GET "/fruits/search" for 127.0.0.1 at 2015-03-09 18:18:38 -0400
Processing by FruitsController#search as HTML
  [1m[36mFruit Load (0.3ms)[0m  [1mSELECT "fruits".* FROM "fruits" WHERE "fruits"."species" IS NULL[0m
Redirected to 
Completed 500 Internal Server Error in 6ms

NoMethodError (undefined method `to_model' for #<ActiveRecord::Relation []>):
  app/controllers/fruits_controller.rb:11:in `block (2 levels) in search'
  app/controllers/fruits_controller.rb:10:in `search'


  Rendered /Library/Ruby/Gems/2.0.0/gems/actionpack-4.2.0/lib/action_dispatch/middleware/templates/rescues/_source.erb (6.3ms)
  Rendered /Library/Ruby/Gems/2.0.0/gems/actionpack-4.2.0/lib/action_dispatch/middleware/templates/rescues/_trace.html.erb (2.4ms)
  Rendered /Library/Ruby/Gems/2.0.0/gems/actionpack-4.2.0/lib/action_dispatch/middleware/templates/rescues/_request_and_response.html.erb (1.0ms)
  Rendered /Library/Ruby/Gems/2.0.0/gems/actionpack-4.2.0/lib/action_dispatch/middleware/templates/rescues/diagnostics.html.erb within rescues/layout (23.8ms)
  Rendered /Library/Ruby/Gems/2.0.0/gems/web-console-2.1.1/lib/web_console/templates/_markup.html (0.3ms)
  Rendered /Library/Ruby/Gems/2.0.0/gems/web-console-2.1.1/lib/web_console/templates/style.css within layouts/inlined_string (0.4ms)
  Rendered /Library/Ruby/Gems/2.0.0/gems/web-console-2.1.1/lib/web_console/templates/_inner_console_markup.html within layouts/inlined_string (0.3ms)
  Rendered /Library/Ruby/Gems/2.0.0/gems/web-console-2.1.1/lib/web_console/templates/_prompt_box_markup.html within layouts/inlined_string (0.3ms)
  Rendered /Library/Ruby/Gems/2.0.0/gems/web-console-2.1.1/lib/web_console/templates/console.js within layouts/javascript (70.0ms)
  Rendered /Library/Ruby/Gems/2.0.0/gems/web-console-2.1.1/lib/web_console/templates/main.js within layouts/javascript (0.3ms)
  Rendered /Library/Ruby/Gems/2.0.0/gems/web-console-2.1.1/lib/web_console/templates/error_page.js within layouts/javascript (0.4ms)
  Rendered /Library/Ruby/Gems/2.0.0/gems/web-console-2.1.1/lib/web_console/templates/index.html (85.3ms)


Started GET "/fruits/search" for 127.0.0.1 at 2015-03-09 18:18:39 -0400
Processing by FruitsController#search as HTML
  [1m[35mFruit Load (0.2ms)[0m  SELECT "fruits".* FROM "fruits" WHERE "fruits"."species" IS NULL
Redirected to 
Completed 500 Internal Server Error in 4ms

NoMethodError (undefined method `to_model' for #<ActiveRecord::Relation []>):
  app/controllers/fruits_controller.rb:11:in `block (2 levels) in search'
  app/controllers/fruits_controller.rb:10:in `search'


  Rendered /Library/Ruby/Gems/2.0.0/gems/actionpack-4.2.0/lib/action_dispatch/middleware/templates/rescues/_source.erb (7.1ms)
  Rendered /Library/Ruby/Gems/2.0.0/gems/actionpack-4.2.0/lib/action_dispatch/middleware/templates/rescues/_trace.html.erb (2.4ms)
  Rendered /Library/Ruby/Gems/2.0.0/gems/actionpack-4.2.0/lib/action_dispatch/middleware/templates/rescues/_request_and_response.html.erb (0.8ms)
  Rendered /Library/Ruby/Gems/2.0.0/gems/actionpack-4.2.0/lib/action_dispatch/middleware/templates/rescues/diagnostics.html.erb within rescues/layout (21.1ms)
  Rendered /Library/Ruby/Gems/2.0.0/gems/web-console-2.1.1/lib/web_console/templates/_markup.html (0.3ms)
  Rendered /Library/Ruby/Gems/2.0.0/gems/web-console-2.1.1/lib/web_console/templates/style.css within layouts/inlined_string (0.3ms)
  Rendered /Library/Ruby/Gems/2.0.0/gems/web-console-2.1.1/lib/web_console/templates/_inner_console_markup.html within layouts/inlined_string (0.5ms)
  Rendered /Library/Ruby/Gems/2.0.0/gems/web-console-2.1.1/lib/web_console/templates/_prompt_box_markup.html within layouts/inlined_string (0.3ms)
  Rendered /Library/Ruby/Gems/2.0.0/gems/web-console-2.1.1/lib/web_console/templates/console.js within layouts/javascript (68.3ms)
  Rendered /Library/Ruby/Gems/2.0.0/gems/web-console-2.1.1/lib/web_console/templates/main.js within layouts/javascript (0.3ms)
  Rendered /Library/Ruby/Gems/2.0.0/gems/web-console-2.1.1/lib/web_console/templates/error_page.js within layouts/javascript (0.6ms)
  Rendered /Library/Ruby/Gems/2.0.0/gems/web-console-2.1.1/lib/web_console/templates/index.html (84.4ms)


Started GET "/fruits/search" for 127.0.0.1 at 2015-03-09 18:18:50 -0400
Processing by FruitsController#search as HTML
  [1m[36mFruit Load (0.3ms)[0m  [1mSELECT "fruits".* FROM "fruits" WHERE "fruits"."species" IS NULL[0m
Redirected to 
Completed 500 Internal Server Error in 4ms

NoMethodError (undefined method `to_model' for #<ActiveRecord::Relation []>):
  app/controllers/fruits_controller.rb:11:in `block (2 levels) in search'
  app/controllers/fruits_controller.rb:10:in `search'


  Rendered /Library/Ruby/Gems/2.0.0/gems/actionpack-4.2.0/lib/action_dispatch/middleware/templates/rescues/_source.erb (5.5ms)
  Rendered /Library/Ruby/Gems/2.0.0/gems/actionpack-4.2.0/lib/action_dispatch/middleware/templates/rescues/_trace.html.erb (2.1ms)
  Rendered /Library/Ruby/Gems/2.0.0/gems/actionpack-4.2.0/lib/action_dispatch/middleware/templates/rescues/_request_and_response.html.erb (1.0ms)
  Rendered /Library/Ruby/Gems/2.0.0/gems/actionpack-4.2.0/lib/action_dispatch/middleware/templates/rescues/diagnostics.html.erb within rescues/layout (20.1ms)
  Rendered /Library/Ruby/Gems/2.0.0/gems/web-console-2.1.1/lib/web_console/templates/_markup.html (0.3ms)
  Rendered /Library/Ruby/Gems/2.0.0/gems/web-console-2.1.1/lib/web_console/templates/style.css within layouts/inlined_string (0.3ms)
  Rendered /Library/Ruby/Gems/2.0.0/gems/web-console-2.1.1/lib/web_console/templates/_inner_console_markup.html within layouts/inlined_string (0.4ms)
  Rendered /Library/Ruby/Gems/2.0.0/gems/web-console-2.1.1/lib/web_console/templates/_prompt_box_markup.html within layouts/inlined_string (0.4ms)
  Rendered /Library/Ruby/Gems/2.0.0/gems/web-console-2.1.1/lib/web_console/templates/console.js within layouts/javascript (74.5ms)
  Rendered /Library/Ruby/Gems/2.0.0/gems/web-console-2.1.1/lib/web_console/templates/main.js within layouts/javascript (0.4ms)
  Rendered /Library/Ruby/Gems/2.0.0/gems/web-console-2.1.1/lib/web_console/templates/error_page.js within layouts/javascript (0.4ms)
  Rendered /Library/Ruby/Gems/2.0.0/gems/web-console-2.1.1/lib/web_console/templates/index.html (90.7ms)


Started GET "/fruits/search" for 127.0.0.1 at 2015-03-09 18:19:13 -0400
Processing by FruitsController#search as HTML
  [1m[35mFruit Load (0.4ms)[0m  SELECT "fruits".* FROM "fruits" WHERE "fruits"."species" IS NULL
Redirected to 
Completed 500 Internal Server Error in 6ms

NoMethodError (undefined method `to_model' for #<ActiveRecord::Relation []>):
  app/controllers/fruits_controller.rb:10:in `block (2 levels) in search'
  app/controllers/fruits_controller.rb:9:in `search'


  Rendered /Library/Ruby/Gems/2.0.0/gems/actionpack-4.2.0/lib/action_dispatch/middleware/templates/rescues/_source.erb (5.7ms)
  Rendered /Library/Ruby/Gems/2.0.0/gems/actionpack-4.2.0/lib/action_dispatch/middleware/templates/rescues/_trace.html.erb (57.8ms)
  Rendered /Library/Ruby/Gems/2.0.0/gems/actionpack-4.2.0/lib/action_dispatch/middleware/templates/rescues/_request_and_response.html.erb (0.9ms)
  Rendered /Library/Ruby/Gems/2.0.0/gems/actionpack-4.2.0/lib/action_dispatch/middleware/templates/rescues/diagnostics.html.erb within rescues/layout (75.7ms)
  Rendered /Library/Ruby/Gems/2.0.0/gems/web-console-2.1.1/lib/web_console/templates/_markup.html (0.5ms)
  Rendered /Library/Ruby/Gems/2.0.0/gems/web-console-2.1.1/lib/web_console/templates/style.css within layouts/inlined_string (0.3ms)
  Rendered /Library/Ruby/Gems/2.0.0/gems/web-console-2.1.1/lib/web_console/templates/_inner_console_markup.html within layouts/inlined_string (0.3ms)
  Rendered /Library/Ruby/Gems/2.0.0/gems/web-console-2.1.1/lib/web_console/templates/_prompt_box_markup.html within layouts/inlined_string (0.3ms)
  Rendered /Library/Ruby/Gems/2.0.0/gems/web-console-2.1.1/lib/web_console/templates/console.js within layouts/javascript (12.5ms)
  Rendered /Library/Ruby/Gems/2.0.0/gems/web-console-2.1.1/lib/web_console/templates/main.js within layouts/javascript (0.4ms)
  Rendered /Library/Ruby/Gems/2.0.0/gems/web-console-2.1.1/lib/web_console/templates/error_page.js within layouts/javascript (0.4ms)
  Rendered /Library/Ruby/Gems/2.0.0/gems/web-console-2.1.1/lib/web_console/templates/index.html (29.9ms)
